\BOOKMARK [0][-]{chapter*.2}{\376\377\004\022\004\062\004\065\004\064\004\065\004\075\004\070\004\065}{}% 1
\BOOKMARK [1][-]{section.0.1}{\376\377\004\020\004\072\004\102\004\103\004\060\004\073\004\114\004\075\004\076\004\101\004\102\004\114\000\040\004\102\004\065\004\074\004\113}{chapter*.2}% 2
\BOOKMARK [0][-]{chapter.1}{\376\377\004\035\004\065\004\076\004\061\004\105\004\076\004\064\004\070\004\074\004\113\004\065\000\040\004\102\004\065\004\076\004\100\004\065\004\102\004\070\004\107\004\065\004\101\004\072\004\070\004\065\000\040\004\101\004\062\004\065\004\064\004\065\004\075\004\070\004\117}{}% 3
\BOOKMARK [1][-]{section.1.1}{\376\377\004\027\004\062\004\103\004\072}{chapter.1}% 4
\BOOKMARK [1][-]{section.1.2}{\376\377\004\041\004\062\004\076\004\071\004\101\004\102\004\062\004\060\000\040\004\067\004\062\004\103\004\072\004\060}{chapter.1}% 5
\BOOKMARK [1][-]{section.1.3}{\376\377\004\036\004\101\004\075\004\076\004\062\004\075\004\113\004\065\000\040\004\077\004\076\004\075\004\117\004\102\004\070\004\117\000\040\004\070\004\067\000\040\004\102\004\065\004\076\004\100\004\070\004\070\000\040\004\074\004\103\004\067\004\113\004\072\004\070}{chapter.1}% 6
\BOOKMARK [1][-]{section.1.4}{\376\377\004\046\004\070\004\104\004\100\004\076\004\062\004\076\004\071\000\040\004\067\004\062\004\103\004\072}{chapter.1}% 7
\BOOKMARK [1][-]{section.1.5}{\376\377\004\041\004\062\004\076\004\071\004\101\004\102\004\062\004\060\000\040\004\074\004\103\004\067\004\113\004\072\004\060\004\073\004\114\004\075\004\113\004\105\000\040\004\067\004\062\004\103\004\072\004\076\004\067\004\060\004\077\004\070\004\101\004\065\004\071}{chapter.1}% 8
\BOOKMARK [1][-]{section.1.6}{\376\377\004\036\004\061\004\067\004\076\004\100\000\040\004\073\004\070\004\102\004\065\004\100\004\060\004\102\004\103\004\100\004\113}{chapter.1}% 9
\BOOKMARK [2][-]{subsection.1.6.1}{\376\377\004\036\004\061\004\111\004\060\004\117\000\040\004\101\004\105\004\065\004\074\004\060\000\040\004\060\004\073\004\063\004\076\004\100\004\070\004\102\004\074\004\076\004\062\000\040\004\100\004\060\004\101\004\077\004\076\004\067\004\075\004\060\004\062\004\060\004\075\004\070\004\117\000\040\004\060\004\072\004\072\004\076\004\100\004\064\004\076\004\062}{section.1.6}% 10
\BOOKMARK [2][-]{subsection.1.6.2}{\376\377\004\037\004\100\004\065\004\064\004\062\004\060\004\100\004\070\004\102\004\065\004\073\004\114\004\075\004\060\004\117\000\040\004\076\004\061\004\100\004\060\004\061\004\076\004\102\004\072\004\060}{section.1.6}% 11
\BOOKMARK [2][-]{subsection.1.6.3}{\376\377\004\041\004\077\004\065\004\072\004\102\004\100\004\076\004\063\004\100\004\060\004\074\004\074\004\060}{section.1.6}% 12
\BOOKMARK [2][-]{subsection.1.6.4}{\376\377\004\022\004\065\004\072\004\102\004\076\004\100\004\113\000\040\004\077\004\100\004\070\004\067\004\075\004\060\004\072\004\076\004\062}{section.1.6}% 13
\BOOKMARK [2][-]{subsection.1.6.5}{\376\377\004\036\004\061\004\100\004\060\004\061\004\076\004\102\004\072\004\060\000\040\004\077\004\076\004\101\004\073\004\065\004\064\004\076\004\062\004\060\004\102\004\065\004\073\004\114\004\075\004\076\004\101\004\102\004\065\004\071\000\040\004\062\004\065\004\072\004\102\004\076\004\100\004\076\004\062\000\040\004\077\004\100\004\070\004\067\004\075\004\060\004\072\004\076\004\062}{section.1.6}% 14
\BOOKMARK [2][-]{subsection.1.6.6}{\376\377\004\040\004\060\004\101\004\077\004\076\004\067\004\075\004\060\004\062\004\060\004\075\004\070\004\065\000\040\004\060\004\072\004\072\004\076\004\100\004\064\004\076\004\062\000\040\004\101\000\040\004\070\004\101\004\077\004\076\004\073\004\114\004\067\004\076\004\062\004\060\004\075\004\070\004\065\004\074\000\040\004\064\004\076\004\077\004\076\004\073\004\075\004\070\004\102\004\065\004\073\004\114\004\075\004\076\004\071\000\040\004\070\004\075\004\104\004\076\004\100\004\074\004\060\004\106\004\070\004\070}{section.1.6}% 15
\BOOKMARK [0][-]{chapter.2}{\376\377\004\036\004\104\004\076\004\100\004\074\004\073\004\065\004\075\004\070\004\065\000\040\004\100\004\060\004\067\004\073\004\070\004\107\004\075\004\113\004\105\000\040\004\115\004\073\004\065\004\074\004\065\004\075\004\102\004\076\004\062}{}% 16
\BOOKMARK [1][-]{section.2.1}{\376\377\004\044\004\076\004\100\004\074\004\060\004\102\004\070\004\100\004\076\004\062\004\060\004\075\004\070\004\065\000\040\004\102\004\065\004\072\004\101\004\102\004\060}{chapter.2}% 17
\BOOKMARK [1][-]{section.2.2}{\376\377\004\041\004\101\004\113\004\073\004\072\004\070}{chapter.2}% 18
\BOOKMARK [1][-]{section.2.3}{\376\377\004\044\004\076\004\100\004\074\004\103\004\073\004\113}{chapter.2}% 19
\BOOKMARK [2][-]{subsection.2.3.1}{\376\377\004\035\004\065\004\075\004\103\004\074\004\065\004\100\004\076\004\062\004\060\004\075\004\075\004\113\004\065\000\040\004\076\004\064\004\070\004\075\004\076\004\107\004\075\004\113\004\065\000\040\004\104\004\076\004\100\004\074\004\103\004\073\004\113}{section.2.3}% 20
\BOOKMARK [2][-]{subsection.2.3.2}{\376\377\004\035\004\065\004\075\004\103\004\074\004\065\004\100\004\076\004\062\004\060\004\075\004\075\004\113\004\065\000\040\004\074\004\075\004\076\004\063\004\076\004\101\004\102\004\100\004\076\004\107\004\075\004\113\004\065\000\040\004\104\004\076\004\100\004\074\004\103\004\073\004\113}{section.2.3}% 21
\BOOKMARK [2][-]{subsection.2.3.3}{\376\377\004\035\004\103\004\074\004\065\004\100\004\076\004\062\004\060\004\075\004\075\004\113\004\065\000\040\004\104\004\076\004\100\004\074\004\103\004\073\004\113}{section.2.3}% 22
\BOOKMARK [0][-]{chapter.3}{\376\377\004\024\004\073\004\070\004\075\004\075\004\076\004\065\000\040\004\075\004\060\004\067\004\062\004\060\004\075\004\070\004\065\000\040\004\063\004\073\004\060\004\062\004\113\000,\000\040\004\062\000\040\004\072\004\076\004\102\004\076\004\100\004\076\004\071\000\040\004\074\004\113\000\040\004\101\004\074\004\076\004\102\004\100\004\070\004\074\000\040\004\075\004\060\000\040\004\077\004\100\004\070\004\074\004\065\004\100\004\113\000\040\004\102\004\076\004\063\004\076\000,\000\040\004\072\004\060\004\072\000\040\004\061\004\103\004\064\004\103\004\102\000\040\004\062\004\065\004\100\004\101\004\102\004\060\004\102\004\114\004\101\004\117\000\040\004\070\004\067\004\076\004\061\004\100\004\060\004\066\004\065\004\075\004\070\004\117\000\040\004\070\000\040\004\101\004\077\004\070\004\101\004\072\004\070}{}% 23
\BOOKMARK [1][-]{section.3.1}{\376\377\004\036\004\064\004\070\004\075\004\076\004\107\004\075\004\076\004\065\000\040\004\070\004\067\004\076\004\061\004\100\004\060\004\066\004\065\004\075\004\070\004\065}{chapter.3}% 24
\BOOKMARK [1][-]{section.3.2}{\376\377\004\024\004\073\004\070\004\075\004\075\004\076\004\065\000\040\004\075\004\060\004\067\004\062\004\060\004\075\004\070\004\065\000\040\004\077\004\060\004\100\004\060\004\063\004\100\004\060\004\104\004\060\000,\000\040\004\062\000\040\004\072\004\076\004\102\004\076\004\100\004\076\004\074\000\040\004\074\004\113\000\040\004\103\004\067\004\075\004\060\004\121\004\074\000\040\004\072\004\060\004\072\000\040\004\101\004\064\004\065\004\073\004\060\004\102\004\114\000\040\004\064\004\062\004\065\000\040\004\072\004\060\004\100\004\102\004\070\004\075\004\072\004\070\000\040\004\101\000\040\004\076\004\061\004\111\004\070\004\074\000\040\004\075\004\076\004\074\004\065\004\100\004\076\004\074\000\040\004\070\000\040\004\075\004\060\004\067\004\062\004\060\004\075\004\070\004\065\004\074}{chapter.3}% 25
\BOOKMARK [1][-]{section.3.3}{\376\377\004\037\004\100\004\070\004\074\004\065\004\100\000\040\004\062\004\121\004\100\004\101\004\102\004\072\004\070\000\040\004\101\004\077\004\070\004\101\004\076\004\072\004\076\004\062}{chapter.3}% 26
\BOOKMARK [0][-]{chapter.4}{\376\377\004\022\004\121\004\100\004\101\004\102\004\072\004\060\000\040\004\102\004\060\004\061\004\073\004\070\004\106}{}% 27
\BOOKMARK [1][-]{section.4.1}{\376\377\004\042\004\060\004\061\004\073\004\070\004\106\004\060\000\040\004\076\004\061\004\113\004\072\004\075\004\076\004\062\004\065\004\075\004\075\004\060\004\117}{chapter.4}% 28
\BOOKMARK [1][-]{section.4.2}{\376\377\004\037\004\060\004\100\004\060\004\063\004\100\004\060\004\104\000\040\000-\000\040\004\064\004\062\004\060}{chapter.4}% 29
\BOOKMARK [1][-]{section.4.3}{\376\377\004\037\004\060\004\100\004\060\004\063\004\100\004\060\004\104\000\040\004\101\000\040\004\077\004\076\004\064\004\077\004\060\004\100\004\060\004\063\004\100\004\060\004\104\004\060\004\074\004\070}{chapter.4}% 30
\BOOKMARK [2][-]{subsection.4.3.1}{\376\377\004\037\004\076\004\064\004\077\004\060\004\100\004\060\004\063\004\100\004\060\004\104\000\040\000-\000\040\004\076\004\064\004\070\004\075}{section.4.3}% 31
\BOOKMARK [2][-]{subsection.4.3.2}{\376\377\004\037\004\076\004\064\004\077\004\060\004\100\004\060\004\063\004\100\004\060\004\104\000\040\000-\000\040\004\064\004\062\004\060}{section.4.3}% 32
\BOOKMARK [0][-]{chapter*.12}{\376\377\004\027\004\060\004\072\004\073\004\116\004\107\004\065\004\075\004\070\004\065}{}% 33
\BOOKMARK [0][-]{chapter*.13}{\376\377\004\041\004\077\004\070\004\101\004\076\004\072\000\040\004\100\004\070\004\101\004\103\004\075\004\072\004\076\004\062}{}% 34
\BOOKMARK [0][-]{chapter*.14}{\376\377\004\041\004\077\004\070\004\101\004\076\004\072\000\040\004\102\004\060\004\061\004\073\004\070\004\106}{}% 35
\BOOKMARK [0][-]{chapter*.14}{\376\377\004\033\004\070\004\102\004\065\004\100\004\060\004\102\004\103\004\100\004\060}{}% 36
\BOOKMARK [0][-]{appendix.A}{\376\377\004\035\004\060\004\067\004\062\004\060\004\075\004\070\004\065\000\040\004\077\004\065\004\100\004\062\004\076\004\063\004\076\000\040\004\077\004\100\004\070\004\073\004\076\004\066\004\065\004\075\004\070\004\117}{}% 37
\BOOKMARK [0][-]{appendix.B}{\376\377\004\036\004\107\004\065\004\075\004\114\000\040\004\064\004\073\004\070\004\075\004\075\004\076\004\065\000\040\004\075\004\060\004\067\004\062\004\060\004\075\004\070\004\065\000\040\004\062\004\102\004\076\004\100\004\076\004\063\004\076\000\040\004\077\004\100\004\070\004\073\004\076\004\066\004\065\004\075\004\070\004\117\000,\000\040\004\062\000\040\004\072\004\076\004\102\004\076\004\100\004\076\004\074\000\040\004\077\004\100\004\076\004\064\004\065\004\074\004\076\004\075\004\101\004\102\004\100\004\070\004\100\004\076\004\062\004\060\004\075\004\060\000\040\004\100\004\060\004\061\004\076\004\102\004\060\000\040\004\101\000\040\004\064\004\073\004\070\004\075\004\075\004\113\004\074\004\070\000\040\004\102\004\060\004\061\004\073\004\070\004\106\004\060\004\074\004\070}{}% 38
\BOOKMARK [1][-]{section.B.1}{\376\377\004\037\004\076\004\064\004\100\004\060\004\067\004\064\004\065\004\100\000\040\004\077\004\100\004\070\004\073\004\076\004\066\004\065\004\075\004\070\004\117}{appendix.B}% 39
\BOOKMARK [1][-]{section.B.2}{\376\377\004\025\004\111\004\065\000\040\004\076\004\064\004\070\004\075\000\040\004\077\004\076\004\064\004\100\004\060\004\067\004\064\004\065\004\100\000\040\004\077\004\100\004\070\004\073\004\076\004\066\004\065\004\075\004\070\004\117}{appendix.B}% 40
\BOOKMARK [1][-]{section.B.3}{\376\377\004\036\004\107\004\065\004\100\004\065\004\064\004\075\004\076\004\071\000\040\004\077\004\076\004\064\004\100\004\060\004\067\004\064\004\065\004\100\000\040\004\077\004\100\004\070\004\073\004\076\004\066\004\065\004\075\004\070\004\117}{appendix.B}% 41
\BOOKMARK [1][-]{section.B.4}{\376\377\004\030\000\040\004\065\004\111\004\065\000\040\004\076\004\064\004\070\004\075\000\040\004\077\004\076\004\064\004\100\004\060\004\067\004\064\004\065\004\100\000\040\004\077\004\100\004\070\004\073\004\076\004\066\004\065\004\075\004\070\004\117}{appendix.B}% 42
